c:\users\ducle\onedrive\work\university\comp courses\comp 4490 - graphics 2\examples\opengl-2022\opengl\debug\vc143.pdb
c:\users\ducle\onedrive\work\university\comp courses\comp 4490 - graphics 2\examples\opengl-2022\opengl\debug\vc143.idb
c:\users\ducle\onedrive\work\university\comp courses\comp 4490 - graphics 2\examples\opengl-2022\opengl\debug\main.obj
c:\users\ducle\onedrive\work\university\comp courses\comp 4490 - graphics 2\examples\opengl-2022\opengl\debug\example9.obj
c:\users\ducle\onedrive\work\university\comp courses\comp 4490 - graphics 2\examples\opengl-2022\opengl\debug\example8.obj
c:\users\ducle\onedrive\work\university\comp courses\comp 4490 - graphics 2\examples\opengl-2022\opengl\debug\example7.obj
c:\users\ducle\onedrive\work\university\comp courses\comp 4490 - graphics 2\examples\opengl-2022\opengl\debug\example6.obj
c:\users\ducle\onedrive\work\university\comp courses\comp 4490 - graphics 2\examples\opengl-2022\opengl\debug\example5.obj
c:\users\ducle\onedrive\work\university\comp courses\comp 4490 - graphics 2\examples\opengl-2022\opengl\debug\example4.obj
c:\users\ducle\onedrive\work\university\comp courses\comp 4490 - graphics 2\examples\opengl-2022\opengl\debug\example3.obj
c:\users\ducle\onedrive\work\university\comp courses\comp 4490 - graphics 2\examples\opengl-2022\opengl\debug\example2a.obj
c:\users\ducle\onedrive\work\university\comp courses\comp 4490 - graphics 2\examples\opengl-2022\opengl\debug\example2.obj
c:\users\ducle\onedrive\work\university\comp courses\comp 4490 - graphics 2\examples\opengl-2022\opengl\debug\example1.obj
c:\users\ducle\onedrive\work\university\comp courses\comp 4490 - graphics 2\examples\opengl-2022\opengl\debug\example0.obj
c:\users\ducle\onedrive\work\university\comp courses\comp 4490 - graphics 2\examples\opengl-2022\\build\opengl.pdb
c:\users\ducle\onedrive\work\university\comp courses\comp 4490 - graphics 2\examples\opengl-2022\opengl\debug\opengl.tlog\cl.command.1.tlog
c:\users\ducle\onedrive\work\university\comp courses\comp 4490 - graphics 2\examples\opengl-2022\opengl\debug\opengl.tlog\cl.read.1.tlog
c:\users\ducle\onedrive\work\university\comp courses\comp 4490 - graphics 2\examples\opengl-2022\opengl\debug\opengl.tlog\cl.write.1.tlog
c:\users\ducle\onedrive\work\university\comp courses\comp 4490 - graphics 2\examples\opengl-2022\opengl\debug\opengl.tlog\link-cvtres.read.1.tlog
c:\users\ducle\onedrive\work\university\comp courses\comp 4490 - graphics 2\examples\opengl-2022\opengl\debug\opengl.tlog\link-cvtres.write.1.tlog
c:\users\ducle\onedrive\work\university\comp courses\comp 4490 - graphics 2\examples\opengl-2022\opengl\debug\opengl.tlog\link-rc.read.1.tlog
c:\users\ducle\onedrive\work\university\comp courses\comp 4490 - graphics 2\examples\opengl-2022\opengl\debug\opengl.tlog\link-rc.write.1.tlog
c:\users\ducle\onedrive\work\university\comp courses\comp 4490 - graphics 2\examples\opengl-2022\opengl\debug\opengl.tlog\link.command.1.tlog
c:\users\ducle\onedrive\work\university\comp courses\comp 4490 - graphics 2\examples\opengl-2022\opengl\debug\opengl.tlog\link.read.1.tlog
c:\users\ducle\onedrive\work\university\comp courses\comp 4490 - graphics 2\examples\opengl-2022\opengl\debug\opengl.tlog\link.write.1.tlog
